  Assembling hook.asm...
  pch.cpp
  anti.cpp
  auth.cpp
  dllmain.cpp
  imgui.cpp
C:\Users\matth\Desktop\Rec Room Cheats\RecRoomVault-V2-main\RecRoomVault-V2-main\elysium-master\elysium-master\Elysium\anti.cpp(271,1): error C1010: unexpected end of file while looking for precompiled header. Did you forget to add '#include "pch.h"' to your source?
C:\Users\matth\Desktop\Rec Room Cheats\RecRoomVault-V2-main\RecRoomVault-V2-main\elysium-master\elysium-master\Elysium\auth.cpp(355,1): error C1010: unexpected end of file while looking for precompiled header. Did you forget to add '#include "pch.h"' to your source?
C:\Users\matth\Desktop\Rec Room Cheats\RecRoomVault-V2-main\RecRoomVault-V2-main\elysium-master\elysium-master\Elysium\dllmain.cpp(22,1): error C1010: unexpected end of file while looking for precompiled header. Did you forget to add '#include "pch.h"' to your source?
  imgui_demo.cpp
  imgui_draw.cpp
C:\Users\matth\Desktop\Rec Room Cheats\RecRoomVault-V2-main\RecRoomVault-V2-main\elysium-master\elysium-master\Elysium\imgui\imgui.cpp(2022,9): warning C4005: 'va_copy': macro redefinition
      C:\Users\matth\Desktop\Rec Room Cheats\RecRoomVault-V2-main\RecRoomVault-V2-main\elysium-master\elysium-master\Elysium\imgui\imgui.cpp(2020,9):
      see previous definition of 'va_copy'
  
C:\Users\matth\Desktop\Rec Room Cheats\RecRoomVault-V2-main\RecRoomVault-V2-main\elysium-master\elysium-master\Elysium\imgui\imgui.cpp(10107,1): error C1010: unexpected end of file while looking for precompiled header. Did you forget to add '#include "pch.h"' to your source?
C:\Users\matth\Desktop\Rec Room Cheats\RecRoomVault-V2-main\RecRoomVault-V2-main\elysium-master\elysium-master\Elysium\imgui\imgui_demo.cpp(104,9): warning C4005: 'IM_NEWLINE': macro redefinition
      C:\Users\matth\Desktop\Rec Room Cheats\RecRoomVault-V2-main\RecRoomVault-V2-main\elysium-master\elysium-master\Elysium\imgui\imgui_demo.cpp(102,9):
      see previous definition of 'IM_NEWLINE'
  
C:\Users\matth\Desktop\Rec Room Cheats\RecRoomVault-V2-main\RecRoomVault-V2-main\elysium-master\elysium-master\Elysium\imgui\imgui_demo.cpp(4845,1): error C1010: unexpected end of file while looking for precompiled header. Did you forget to add '#include "pch.h"' to your source?
C:\Users\matth\Desktop\Rec Room Cheats\RecRoomVault-V2-main\RecRoomVault-V2-main\elysium-master\elysium-master\Elysium\imgui\imgui_draw.cpp(125,10): error C2006: '#include': expected "FILENAME" or <FILENAME>
C:\Users\matth\Desktop\Rec Room Cheats\RecRoomVault-V2-main\RecRoomVault-V2-main\elysium-master\elysium-master\Elysium\imgui\imgui_draw.cpp(148,10): error C2006: '#include': expected "FILENAME" or <FILENAME>
C:\Users\matth\Desktop\Rec Room Cheats\RecRoomVault-V2-main\RecRoomVault-V2-main\elysium-master\elysium-master\Elysium\imgui\imgui_draw.cpp(3405,1): error C1010: unexpected end of file while looking for precompiled header. Did you forget to add '#include "pch.h"' to your source?
  imgui_impl_dx11.cpp
C:\Users\matth\Desktop\Rec Room Cheats\RecRoomVault-V2-main\RecRoomVault-V2-main\elysium-master\elysium-master\Elysium\imgui\imgui_impl_dx11.cpp(545,1): error C1010: unexpected end of file while looking for precompiled header. Did you forget to add '#include "pch.h"' to your source?
  imgui_impl_win32.cpp
C:\Users\matth\Desktop\Rec Room Cheats\RecRoomVault-V2-main\RecRoomVault-V2-main\elysium-master\elysium-master\Elysium\imgui\imgui_impl_win32.cpp(326,1): error C1010: unexpected end of file while looking for precompiled header. Did you forget to add '#include "pch.h"' to your source?
  imgui_widgets.cpp
C:\Users\matth\Desktop\Rec Room Cheats\RecRoomVault-V2-main\RecRoomVault-V2-main\elysium-master\elysium-master\Elysium\imgui\imgui_widgets.cpp(7631,1): error C1010: unexpected end of file while looking for precompiled header. Did you forget to add '#include "pch.h"' to your source?
  kiero.cpp
C:\Users\matth\Desktop\Rec Room Cheats\RecRoomVault-V2-main\RecRoomVault-V2-main\elysium-master\elysium-master\Elysium\kiero\kiero.cpp(42,10): warning C4005: 'KIERO_TEXT': macro redefinition
      C:\Users\matth\Desktop\Rec Room Cheats\RecRoomVault-V2-main\RecRoomVault-V2-main\elysium-master\elysium-master\Elysium\kiero\kiero.cpp(40,10):
      see previous definition of 'KIERO_TEXT'
  
C:\Users\matth\Desktop\Rec Room Cheats\RecRoomVault-V2-main\RecRoomVault-V2-main\elysium-master\elysium-master\Elysium\kiero\kiero.cpp(734,1): error C1010: unexpected end of file while looking for precompiled header. Did you forget to add '#include "pch.h"' to your source?
  main.cpp
C:\Users\matth\Desktop\Rec Room Cheats\RecRoomVault-V2-main\RecRoomVault-V2-main\elysium-master\elysium-master\Elysium\main.cpp(5,10): error C1083: Cannot open include file: 'Minhook.h': No such file or directory
  (compiling source file '/main.cpp')
  
