  gui.cpp
C:\Users\pen72\Desktop\borderless-imgui-window-main\cheat\gui.cpp(31,9): warning C4005: '_WIN32_WINNT': macro redefinition
      C:\Program Files (x86)\Windows Kits\10\Include\10.0.22621.0\shared\sdkddkver.h(224,10):
      see previous definition of '_WIN32_WINNT'
  
C:\Users\pen72\Desktop\borderless-imgui-window-main\cheat\gui.cpp(54,30): error C2065: 'RPC_S_ALREADY_INITIALIZED': undeclared identifier
C:\Users\pen72\Desktop\borderless-imgui-window-main\cheat\gui.cpp(59,15): error C2065: 'RPC_S_ALREADY_INITIALIZED': undeclared identifier
C:\Users\pen72\Desktop\borderless-imgui-window-main\cheat\gui.cpp(66,15): error C2065: 'RPC_S_ALREADY_INITIALIZED': undeclared identifier
C:\Users\pen72\Desktop\borderless-imgui-window-main\cheat\gui.cpp(73,15): error C2065: 'RPC_S_ALREADY_INITIALIZED': undeclared identifier
C:\Users\pen72\Desktop\borderless-imgui-window-main\cheat\gui.cpp(89,28): error C2440: 'return': cannot convert from '_bstr_t' to 'std::basic_string<char,std::char_traits<char>,std::allocator<char>>'
      C:\Users\pen72\Desktop\borderless-imgui-window-main\cheat\gui.cpp(89,28):
      No user-defined-conversion operator available that can perform this conversion, or the operator cannot be called
  
C:\Users\pen72\Desktop\borderless-imgui-window-main\cheat\gui.cpp(258,32): error C2065: 'GAA_FLAG_INCLUDE_GATEWAYS': undeclared identifier
C:\Users\pen72\Desktop\borderless-imgui-window-main\cheat\gui.cpp(258,60): error C2065: 'GAA_FLAG_INCLUDE_PREFIX': undeclared identifier
C:\Users\pen72\Desktop\borderless-imgui-window-main\cheat\gui.cpp(258,2): error C3861: 'GetAdaptersAddresses': identifier not found
C:\Users\pen72\Desktop\borderless-imgui-window-main\cheat\gui.cpp(260,2): error C2065: 'PIP_ADAPTER_ADDRESSES': undeclared identifier
C:\Users\pen72\Desktop\borderless-imgui-window-main\cheat\gui.cpp(260,24): error C2146: syntax error: missing ';' before identifier 'adapterInfo'
C:\Users\pen72\Desktop\borderless-imgui-window-main\cheat\gui.cpp(260,24): error C2065: 'adapterInfo': undeclared identifier
C:\Users\pen72\Desktop\borderless-imgui-window-main\cheat\gui.cpp(260,55): error C2061: syntax error: identifier 'PIP_ADAPTER_ADDRESSES'
C:\Users\pen72\Desktop\borderless-imgui-window-main\cheat\gui.cpp(262,36): error C2065: 'GAA_FLAG_INCLUDE_GATEWAYS': undeclared identifier
C:\Users\pen72\Desktop\borderless-imgui-window-main\cheat\gui.cpp(262,64): error C2065: 'GAA_FLAG_INCLUDE_PREFIX': undeclared identifier
C:\Users\pen72\Desktop\borderless-imgui-window-main\cheat\gui.cpp(262,98): error C2065: 'adapterInfo': undeclared identifier
C:\Users\pen72\Desktop\borderless-imgui-window-main\cheat\gui.cpp(262,6): error C3861: 'GetAdaptersAddresses': identifier not found
C:\Users\pen72\Desktop\borderless-imgui-window-main\cheat\gui.cpp(264,10): error C2065: 'adapterInfo': undeclared identifier
C:\Users\pen72\Desktop\borderless-imgui-window-main\cheat\gui.cpp(267,5): error C2065: 'adapterInfo': undeclared identifier
C:\Users\pen72\Desktop\borderless-imgui-window-main\cheat\gui.cpp(267,38): error C2065: 'adapterInfo': undeclared identifier
C:\Users\pen72\Desktop\borderless-imgui-window-main\cheat\gui.cpp(267,71): error C2065: 'adapterInfo': undeclared identifier
C:\Users\pen72\Desktop\borderless-imgui-window-main\cheat\gui.cpp(268,5): error C2065: 'adapterInfo': undeclared identifier
C:\Users\pen72\Desktop\borderless-imgui-window-main\cheat\gui.cpp(268,38): error C2065: 'adapterInfo': undeclared identifier
C:\Users\pen72\Desktop\borderless-imgui-window-main\cheat\gui.cpp(268,71): error C2065: 'adapterInfo': undeclared identifier
C:\Users\pen72\Desktop\borderless-imgui-window-main\cheat\gui.cpp(266,32): warning C4473: 'sprintf_s' : not enough arguments passed for format string
      C:\Users\pen72\Desktop\borderless-imgui-window-main\cheat\gui.cpp(266,32):
      placeholders and their parameters expect 6 variadic arguments, but 0 were provided
      C:\Users\pen72\Desktop\borderless-imgui-window-main\cheat\gui.cpp(266,32):
      the missing variadic argument 1 is required by format string '%02X'
  
C:\Users\pen72\Desktop\borderless-imgui-window-main\cheat\gui.cpp(269,89): error C2065: 'adapterInfo': undeclared identifier
C:\Users\pen72\Desktop\borderless-imgui-window-main\cheat\gui.cpp(274,8): error C2065: 'adapterInfo': undeclared identifier
C:\Users\pen72\Desktop\borderless-imgui-window-main\cheat\gui.cpp(275,19): error C2065: 'INET_ADDRSTRLEN': undeclared identifier
C:\Users\pen72\Desktop\borderless-imgui-window-main\cheat\gui.cpp(276,56): error C2065: 'adapterInfo': undeclared identifier
C:\Users\pen72\Desktop\borderless-imgui-window-main\cheat\gui.cpp(277,5): error C3861: 'inet_ntop': identifier not found
C:\Users\pen72\Desktop\borderless-imgui-window-main\cheat\gui.cpp(282,64): error C2065: 'adapterInfo': undeclared identifier
C:\Users\pen72\Desktop\borderless-imgui-window-main\cheat\gui.cpp(283,44): error C2065: 'adapterInfo': undeclared identifier
C:\Users\pen72\Desktop\borderless-imgui-window-main\cheat\gui.cpp(287,8): error C2065: 'adapterInfo': undeclared identifier
C:\Users\pen72\Desktop\borderless-imgui-window-main\cheat\gui.cpp(288,21): error C2065: 'INET_ADDRSTRLEN': undeclared identifier
C:\Users\pen72\Desktop\borderless-imgui-window-main\cheat\gui.cpp(289,60): error C2065: 'adapterInfo': undeclared identifier
C:\Users\pen72\Desktop\borderless-imgui-window-main\cheat\gui.cpp(290,5): error C3861: 'inet_ntop': identifier not found
C:\Users\pen72\Desktop\borderless-imgui-window-main\cheat\gui.cpp(297,8): error C2065: 'adapterInfo': undeclared identifier
C:\Users\pen72\Desktop\borderless-imgui-window-main\cheat\gui.cpp(298,24): error C2065: 'INET_ADDRSTRLEN': undeclared identifier
C:\Users\pen72\Desktop\borderless-imgui-window-main\cheat\gui.cpp(299,58): error C2065: 'adapterInfo': undeclared identifier
C:\Users\pen72\Desktop\borderless-imgui-window-main\cheat\gui.cpp(300,5): error C3861: 'inet_ntop': identifier not found
C:\Users\pen72\Desktop\borderless-imgui-window-main\cheat\gui.cpp(307,9): error C2065: 'PIP_ADAPTER_DNS_SERVER_ADDRESS': undeclared identifier
C:\Users\pen72\Desktop\borderless-imgui-window-main\cheat\gui.cpp(307,40): error C2146: syntax error: missing ';' before identifier 'dns'
C:\Users\pen72\Desktop\borderless-imgui-window-main\cheat\gui.cpp(307,44): error C2143: syntax error: missing ';' before '='
C:\Users\pen72\Desktop\borderless-imgui-window-main\cheat\gui.cpp(307,44): error C2143: syntax error: missing ')' before '='
C:\Users\pen72\Desktop\borderless-imgui-window-main\cheat\gui.cpp(307,44): error C2059: syntax error: '='
C:\Users\pen72\Desktop\borderless-imgui-window-main\cheat\gui.cpp(307,82): error C2065: 'dns': undeclared identifier
C:\Users\pen72\Desktop\borderless-imgui-window-main\cheat\gui.cpp(307,87): error C2065: 'dns': undeclared identifier
C:\Users\pen72\Desktop\borderless-imgui-window-main\cheat\gui.cpp(307,93): error C2065: 'dns': undeclared identifier
C:\Users\pen72\Desktop\borderless-imgui-window-main\cheat\gui.cpp(307,102): error C2059: syntax error: ')'
C:\Users\pen72\Desktop\borderless-imgui-window-main\cheat\gui.cpp(308,5): error C2062: type 'char' unexpected
C:\Users\pen72\Desktop\borderless-imgui-window-main\cheat\gui.cpp(309,59): error C2065: 'dns': undeclared identifier
C:\Users\pen72\Desktop\borderless-imgui-window-main\cheat\gui.cpp(310,46): error C2065: 'dnsBuffer': undeclared identifier
C:\Users\pen72\Desktop\borderless-imgui-window-main\cheat\gui.cpp(310,64): error C2065: 'dnsBuffer': undeclared identifier
C:\Users\pen72\Desktop\borderless-imgui-window-main\cheat\gui.cpp(310,5): error C3861: 'inet_ntop': identifier not found
C:\Users\pen72\Desktop\borderless-imgui-window-main\cheat\gui.cpp(311,27): error C2065: 'dnsBuffer': undeclared identifier
C:\Users\pen72\Desktop\borderless-imgui-window-main\cheat\gui.cpp(311,41): error C2065: 'dns': undeclared identifier
C:\Users\pen72\Desktop\borderless-imgui-window-main\cheat\gui.cpp(313,9): error C2065: 'adapterInfo': undeclared identifier
C:\Users\pen72\Desktop\borderless-imgui-window-main\cheat\gui.cpp(315,4): error C2065: 'adapterInfo': undeclared identifier
C:\Users\pen72\Desktop\borderless-imgui-window-main\cheat\gui.cpp(315,18): error C2065: 'adapterInfo': undeclared identifier
C:\Users\pen72\Desktop\borderless-imgui-window-main\cheat\gui.cpp(318,2): error C2059: syntax error: 'return'
C:\Users\pen72\Desktop\borderless-imgui-window-main\cheat\gui.cpp(318,38): error C4430: missing type specifier - int assumed. Note: C++ does not support default-int
C:\Users\pen72\Desktop\borderless-imgui-window-main\cheat\gui.cpp(319,1): error C2059: syntax error: '}'
C:\Users\pen72\Desktop\borderless-imgui-window-main\cheat\gui.cpp(319,1): error C2143: syntax error: missing ';' before '}'
C:\Users\pen72\Desktop\borderless-imgui-window-main\cheat\gui.cpp(322,26): error C2143: syntax error: missing ';' before '{'
C:\Users\pen72\Desktop\borderless-imgui-window-main\cheat\gui.cpp(322,26): error C2447: '{': missing function header (old-style formal list?)
C:\Users\pen72\Desktop\borderless-imgui-window-main\cheat\gui.cpp(974,30): error C2065: 'RPC_S_ALREADY_INITIALIZED': undeclared identifier
C:\Users\pen72\Desktop\borderless-imgui-window-main\cheat\gui.cpp(979,15): error C2065: 'RPC_S_ALREADY_INITIALIZED': undeclared identifier
C:\Users\pen72\Desktop\borderless-imgui-window-main\cheat\gui.cpp(986,15): error C2065: 'RPC_S_ALREADY_INITIALIZED': undeclared identifier
C:\Users\pen72\Desktop\borderless-imgui-window-main\cheat\gui.cpp(993,15): error C2065: 'RPC_S_ALREADY_INITIALIZED': undeclared identifier
C:\Users\pen72\Desktop\borderless-imgui-window-main\cheat\gui.cpp(1043,26): error C3861: 'GetCPUInfo': identifier not found
C:\Users\pen72\Desktop\borderless-imgui-window-main\cheat\gui.cpp(1208,18): warning C4477: 'sprintf_s' : format string '%012X' requires an argument of type 'unsigned int', but variadic argument 5 has type '__int64'
      C:\Users\pen72\Desktop\borderless-imgui-window-main\cheat\gui.cpp(1208,18):
      consider using '%llX' in the format string
      C:\Users\pen72\Desktop\borderless-imgui-window-main\cheat\gui.cpp(1208,18):
      consider using '%I64X' in the format string
  
