f:\imgui-steam-hook-dx11-main - copy\directx11-steamoverlay-hook\x64\release\vc143.pdb
f:\imgui-steam-hook-dx11-main - copy\directx11-steamoverlay-hook\x64\release\ui.obj
f:\imgui-steam-hook-dx11-main - copy\directx11-steamoverlay-hook\x64\release\imgui_widgets.obj
f:\imgui-steam-hook-dx11-main - copy\directx11-steamoverlay-hook\x64\release\imgui_impl_win32.obj
f:\imgui-steam-hook-dx11-main - copy\directx11-steamoverlay-hook\x64\release\imgui_impl_dx11.obj
f:\imgui-steam-hook-dx11-main - copy\directx11-steamoverlay-hook\x64\release\imgui_draw.obj
f:\imgui-steam-hook-dx11-main - copy\directx11-steamoverlay-hook\x64\release\imgui_demo.obj
f:\imgui-steam-hook-dx11-main - copy\directx11-steamoverlay-hook\x64\release\imgui.obj
f:\imgui-steam-hook-dx11-main - copy\directx11-steamoverlay-hook\x64\release\dllmain.obj
f:\imgui-steam-hook-dx11-main - copy\directx11-steamoverlay-hook\x64\release\authix.obj
f:\imgui-steam-hook-dx11-main - copy\directx11-steamoverlay-hook\x64\release\silkroad.ipdb
f:\imgui-steam-hook-dx11-main - copy\directx11-steamoverlay-hook\x64\release\silkroad.iobj
f:\imgui-steam-hook-dx11-main - copy\x64\release\silkroad.pdb
f:\imgui-steam-hook-dx11-main - copy\x64\release\silkroad.cheats
f:\imgui-steam-hook-dx11-main - copy\directx11-steamoverlay-hook\x64\release\silkroad2.0.tlog\link.read.79.tlog
f:\imgui-steam-hook-dx11-main - copy\directx11-steamoverlay-hook\x64\release\silkroad2.0.tlog\cl.read.1.tlog
f:\imgui-steam-hook-dx11-main - copy\directx11-steamoverlay-hook\x64\release\silkroad2.0.tlog\cl.write.1.tlog
f:\imgui-steam-hook-dx11-main - copy\directx11-steamoverlay-hook\x64\release\silkroad2.0.tlog\cl.command.1.tlog
f:\imgui-steam-hook-dx11-main - copy\directx11-steamoverlay-hook\x64\release\silkroad2.0.tlog\link.write.1.tlog
f:\imgui-steam-hook-dx11-main - copy\directx11-steamoverlay-hook\x64\release\silkroad2.0.tlog\link.secondary.1.tlog
f:\imgui-steam-hook-dx11-main - copy\directx11-steamoverlay-hook\x64\release\silkroad2.0.tlog\link.command.1.tlog
f:\imgui-steam-hook-dx11-main - copy\directx11-steamoverlay-hook\x64\release\silkroad2.0.tlog\cl.items.tlog
